<?xml version="1.0" encoding="UTF-8"?>
<testsuite name="kry.assignment.servicepoller.TestMainVerticle" tests="4" skipped="0" failures="0" errors="0" timestamp="2020-12-09T03:02:57" hostname="DESKTOP-QFGE8FC" time="4.045">
  <properties/>
  <testcase name="updateService(Vertx, VertxTestContext)" classname="kry.assignment.servicepoller.TestMainVerticle" time="3.488"/>
  <testcase name="insertServiceWithInvalidUrl(Vertx, VertxTestContext)" classname="kry.assignment.servicepoller.TestMainVerticle" time="0.177"/>
  <testcase name="insertServiceWithValidUrl(Vertx, VertxTestContext)" classname="kry.assignment.servicepoller.TestMainVerticle" time="0.209"/>
  <testcase name="deleteService(Vertx, VertxTestContext)" classname="kry.assignment.servicepoller.TestMainVerticle" time="0.165"/>
  <system-out><![CDATA[]]></system-out>
  <system-err><![CDATA[Dec 09, 2020 4:02:57 AM com.mchange.v2.log.MLog 
INFO: MLog clients using java 1.4+ standard logging.
Dec 09, 2020 4:02:58 AM com.mchange.v2.c3p0.C3P0Registry 
INFO: Initializing c3p0-0.9.5.4 [built 23-March-2019 23:00:48 -0700; debug? true; trace: 10]
Dec 09, 2020 4:02:58 AM com.mchange.v2.c3p0.impl.AbstractPoolBackedDataSource 
INFO: Initializing c3p0 pool... com.mchange.v2.c3p0.ComboPooledDataSource [ acquireIncrement -> 3, acquireRetryAttempts -> 30, acquireRetryDelay -> 1000, autoCommitOnClose -> false, automaticTestTable -> null, breakAfterAcquireFailure -> false, checkoutTimeout -> 0, connectionCustomizerClassName -> null, connectionTesterClassName -> com.mchange.v2.c3p0.impl.DefaultConnectionTester, contextClassLoaderSource -> caller, dataSourceName -> 1hge16haej9qh3us2m88c|36beed31, debugUnreturnedConnectionStackTraces -> false, description -> null, driverClass -> org.sqlite.JDBC, extensions -> {}, factoryClassLocation -> null, forceIgnoreUnresolvedTransactions -> false, forceSynchronousCheckins -> false, forceUseNamedDriverClass -> false, identityToken -> 1hge16haej9qh3us2m88c|36beed31, idleConnectionTestPeriod -> 0, initialPoolSize -> 3, jdbcUrl -> jdbc:sqlite:dataBase.db, maxAdministrativeTaskTime -> 0, maxConnectionAge -> 0, maxIdleTime -> 0, maxIdleTimeExcessConnections -> 0, maxPoolSize -> 30, maxStatements -> 0, maxStatementsPerConnection -> 0, minPoolSize -> 3, numHelperThreads -> 3, preferredTestQuery -> null, privilegeSpawnedThreads -> false, properties -> {}, propertyCycle -> 0, statementCacheNumDeferredCloseThreads -> 0, testConnectionOnCheckin -> false, testConnectionOnCheckout -> false, unreturnedConnectionTimeout -> 0, userOverrides -> {}, usesTraditionalReflectiveProxies -> false ]
Dec 09, 2020 4:03:00 AM com.mchange.v2.c3p0.impl.AbstractPoolBackedDataSource 
INFO: Initializing c3p0 pool... com.mchange.v2.c3p0.ComboPooledDataSource [ acquireIncrement -> 3, acquireRetryAttempts -> 30, acquireRetryDelay -> 1000, autoCommitOnClose -> false, automaticTestTable -> null, breakAfterAcquireFailure -> false, checkoutTimeout -> 0, connectionCustomizerClassName -> null, connectionTesterClassName -> com.mchange.v2.c3p0.impl.DefaultConnectionTester, contextClassLoaderSource -> caller, dataSourceName -> 1hge16haej9qh3us2m88c|67136ecb, debugUnreturnedConnectionStackTraces -> false, description -> null, driverClass -> org.sqlite.JDBC, extensions -> {}, factoryClassLocation -> null, forceIgnoreUnresolvedTransactions -> false, forceSynchronousCheckins -> false, forceUseNamedDriverClass -> false, identityToken -> 1hge16haej9qh3us2m88c|67136ecb, idleConnectionTestPeriod -> 0, initialPoolSize -> 3, jdbcUrl -> jdbc:sqlite:dataBase.db, maxAdministrativeTaskTime -> 0, maxConnectionAge -> 0, maxIdleTime -> 0, maxIdleTimeExcessConnections -> 0, maxPoolSize -> 30, maxStatements -> 0, maxStatementsPerConnection -> 0, minPoolSize -> 3, numHelperThreads -> 3, preferredTestQuery -> null, privilegeSpawnedThreads -> false, properties -> {}, propertyCycle -> 0, statementCacheNumDeferredCloseThreads -> 0, testConnectionOnCheckin -> false, testConnectionOnCheckout -> false, unreturnedConnectionTimeout -> 0, userOverrides -> {}, usesTraditionalReflectiveProxies -> false ]
Dec 09, 2020 4:03:00 AM com.mchange.v2.c3p0.impl.AbstractPoolBackedDataSource 
INFO: Initializing c3p0 pool... com.mchange.v2.c3p0.ComboPooledDataSource [ acquireIncrement -> 3, acquireRetryAttempts -> 30, acquireRetryDelay -> 1000, autoCommitOnClose -> false, automaticTestTable -> null, breakAfterAcquireFailure -> false, checkoutTimeout -> 0, connectionCustomizerClassName -> null, connectionTesterClassName -> com.mchange.v2.c3p0.impl.DefaultConnectionTester, contextClassLoaderSource -> caller, dataSourceName -> 1hge16haej9qh3us2m88c|664ebaea, debugUnreturnedConnectionStackTraces -> false, description -> null, driverClass -> org.sqlite.JDBC, extensions -> {}, factoryClassLocation -> null, forceIgnoreUnresolvedTransactions -> false, forceSynchronousCheckins -> false, forceUseNamedDriverClass -> false, identityToken -> 1hge16haej9qh3us2m88c|664ebaea, idleConnectionTestPeriod -> 0, initialPoolSize -> 3, jdbcUrl -> jdbc:sqlite:dataBase.db, maxAdministrativeTaskTime -> 0, maxConnectionAge -> 0, maxIdleTime -> 0, maxIdleTimeExcessConnections -> 0, maxPoolSize -> 30, maxStatements -> 0, maxStatementsPerConnection -> 0, minPoolSize -> 3, numHelperThreads -> 3, preferredTestQuery -> null, privilegeSpawnedThreads -> false, properties -> {}, propertyCycle -> 0, statementCacheNumDeferredCloseThreads -> 0, testConnectionOnCheckin -> false, testConnectionOnCheckout -> false, unreturnedConnectionTimeout -> 0, userOverrides -> {}, usesTraditionalReflectiveProxies -> false ]
Dec 09, 2020 4:03:01 AM com.mchange.v2.c3p0.impl.AbstractPoolBackedDataSource 
INFO: Initializing c3p0 pool... com.mchange.v2.c3p0.ComboPooledDataSource [ acquireIncrement -> 3, acquireRetryAttempts -> 30, acquireRetryDelay -> 1000, autoCommitOnClose -> false, automaticTestTable -> null, breakAfterAcquireFailure -> false, checkoutTimeout -> 0, connectionCustomizerClassName -> null, connectionTesterClassName -> com.mchange.v2.c3p0.impl.DefaultConnectionTester, contextClassLoaderSource -> caller, dataSourceName -> 1hge16haej9qh3us2m88c|1e2fefc2, debugUnreturnedConnectionStackTraces -> false, description -> null, driverClass -> org.sqlite.JDBC, extensions -> {}, factoryClassLocation -> null, forceIgnoreUnresolvedTransactions -> false, forceSynchronousCheckins -> false, forceUseNamedDriverClass -> false, identityToken -> 1hge16haej9qh3us2m88c|1e2fefc2, idleConnectionTestPeriod -> 0, initialPoolSize -> 3, jdbcUrl -> jdbc:sqlite:dataBase.db, maxAdministrativeTaskTime -> 0, maxConnectionAge -> 0, maxIdleTime -> 0, maxIdleTimeExcessConnections -> 0, maxPoolSize -> 30, maxStatements -> 0, maxStatementsPerConnection -> 0, minPoolSize -> 3, numHelperThreads -> 3, preferredTestQuery -> null, privilegeSpawnedThreads -> false, properties -> {}, propertyCycle -> 0, statementCacheNumDeferredCloseThreads -> 0, testConnectionOnCheckin -> false, testConnectionOnCheckout -> false, unreturnedConnectionTimeout -> 0, userOverrides -> {}, usesTraditionalReflectiveProxies -> false ]
]]></system-err>
</testsuite>
